0 verbose cli /usr/local/nvm/versions/node/v16.1.0/bin/node /usr/local/nvm/versions/node/v16.1.0/bin/npm
1 info using npm@8.12.1
2 info using node@v16.1.0
3 timing npm:load:whichnode Completed in 0ms
4 timing config:load:defaults Completed in 1ms
5 timing config:load:file:/usr/local/nvm/versions/node/v16.1.0/lib/node_modules/npm/npmrc Completed in 1ms
6 timing config:load:builtin Completed in 1ms
7 timing config:load:cli Completed in 2ms
8 timing config:load:env Completed in 0ms
9 timing config:load:file:/home/mandykmaulana/.cache/typescript/3.8/.npmrc Completed in 0ms
10 timing config:load:project Completed in 2ms
11 timing config:load:file:/home/mandykmaulana/.npmrc Completed in 0ms
12 timing config:load:user Completed in 0ms
13 timing config:load:file:/usr/local/nvm/versions/node/v16.1.0/etc/npmrc Completed in 0ms
14 timing config:load:global Completed in 0ms
15 timing config:load:validate Completed in 1ms
16 timing config:load:credentials Completed in 0ms
17 timing config:load:setEnvs Completed in 1ms
18 timing config:load Completed in 8ms
19 timing npm:load:configload Completed in 8ms
20 timing npm:load:mkdirpcache Completed in 1ms
21 timing npm:load:mkdirplogs Completed in 1ms
22 verbose title npm install @types/express@ts3.8 @types/body-parser@ts3.8 @types/node@ts3.8 @types/merge-descriptors@ts3.8 @types/serve-static@ts3.8
23 verbose argv "install" "--ignore-scripts" "@types/express@ts3.8" "@types/body-parser@ts3.8" "@types/node@ts3.8" "@types/merge-descriptors@ts3.8" "@types/serve-static@ts3.8" "--save-dev" "--user-agent" "typesInstaller/3.8.3"
24 timing npm:load:setTitle Completed in 2ms
25 timing config:load:flatten Completed in 2ms
26 timing npm:load:display Completed in 2ms
27 verbose logfile logs-max:10 dir:/home/mandykmaulana/.npm/_logs
28 verbose logfile /home/mandykmaulana/.npm/_logs/2022-06-20T00_14_23_559Z-debug-0.log
29 timing npm:load:logFile Completed in 4ms
30 timing npm:load:timers Completed in 0ms
31 timing npm:load:configScope Completed in 0ms
32 timing npm:load Completed in 20ms
33 timing arborist:ctor Completed in 1ms
34 silly logfile done cleaning log files
35 timing idealTree:init Completed in 12ms
36 timing arborist:ctor Completed in 0ms
37 http fetch GET 200 https://registry.npmjs.org/@types%2fmerge-descriptors 100ms (cache miss)
38 http fetch GET 200 https://registry.npmjs.org/@types%2fbody-parser 106ms (cache miss)
39 http fetch GET 200 https://registry.npmjs.org/@types%2fserve-static 107ms (cache miss)
40 http fetch GET 200 https://registry.npmjs.org/@types%2fexpress 112ms (cache miss)
41 http fetch GET 200 https://registry.npmjs.org/@types%2fnode 133ms (cache miss)
42 timing idealTree:userRequests Completed in 149ms
43 silly idealTree buildDeps
44 silly fetch manifest @types/express@4.17.13
45 silly fetch manifest @types/body-parser@1.19.2
46 silly fetch manifest @types/node@17.0.21
47 silly fetch manifest @types/merge-descriptors@1.0.1
48 silly fetch manifest @types/serve-static@1.13.10
49 silly placeDep ROOT @types/body-parser@1.19.2 OK for:  want: 1.19.2
50 silly placeDep ROOT @types/express@4.17.13 OK for:  want: 4.17.13
51 silly placeDep ROOT @types/merge-descriptors@1.0.1 OK for:  want: 1.0.1
52 silly placeDep ROOT @types/node@17.0.21 OK for:  want: 17.0.21
53 silly placeDep ROOT @types/serve-static@1.13.10 OK for:  want: 1.13.10
54 silly fetch manifest @types/connect@*
55 silly fetch manifest @types/express-serve-static-core@^4.17.18
56 silly fetch manifest @types/qs@*
57 silly fetch manifest @types/mime@^1
58 http fetch GET 200 https://registry.npmjs.org/@types%2fexpress-serve-static-core 41ms (cache miss)
59 http fetch GET 200 https://registry.npmjs.org/@types%2fconnect 45ms (cache miss)
60 http fetch GET 200 https://registry.npmjs.org/@types%2fqs 43ms (cache miss)
61 http fetch GET 200 https://registry.npmjs.org/@types%2fmime 1676ms (cache miss)
62 timing idealTree:#root Completed in 1697ms
63 silly placeDep ROOT @types/connect@3.4.35 OK for: @types/body-parser@1.19.2 want: *
64 timing idealTree:node_modules/@types/body-parser Completed in 2ms
65 timing idealTree:node_modules/@types/connect Completed in 0ms
66 silly placeDep ROOT @types/express-serve-static-core@4.17.29 OK for: @types/express@4.17.13 want: ^4.17.18
67 silly placeDep ROOT @types/qs@6.9.7 OK for: @types/express@4.17.13 want: *
68 silly fetch manifest @types/range-parser@*
69 http fetch GET 200 https://registry.npmjs.org/@types%2frange-parser 33ms (cache miss)
70 timing idealTree:node_modules/@types/express Completed in 48ms
71 silly placeDep ROOT @types/range-parser@1.2.4 OK for: @types/express-serve-static-core@4.17.29 want: *
72 timing idealTree:node_modules/@types/express-serve-static-core Completed in 1ms
73 timing idealTree:node_modules/@types/merge-descriptors Completed in 0ms
74 timing idealTree:node_modules/@types/node Completed in 0ms
75 timing idealTree:node_modules/@types/qs Completed in 0ms
76 timing idealTree:node_modules/@types/range-parser Completed in 0ms
77 silly placeDep ROOT @types/mime@1.3.2 OK for: @types/serve-static@1.13.10 want: ^1
78 timing idealTree:node_modules/@types/serve-static Completed in 1ms
79 timing idealTree:node_modules/@types/mime Completed in 0ms
80 timing idealTree:buildDeps Completed in 1751ms
81 timing idealTree:fixDepFlags Completed in 0ms
82 timing idealTree Completed in 1913ms
83 timing reify:loadTrees Completed in 1914ms
84 timing reify:diffTrees Completed in 1ms
85 silly reify moves {}
86 timing reify:retireShallow Completed in 1ms
87 timing reify:createSparse Completed in 5ms
88 timing reify:loadBundles Completed in 0ms
89 silly audit bulk request {
89 silly audit   'types-registry': [ '0.1.596' ],
89 silly audit   '@types/body-parser': [ '1.19.2' ],
89 silly audit   '@types/express': [ '4.17.13' ],
89 silly audit   '@types/merge-descriptors': [ '1.0.1' ],
89 silly audit   '@types/node': [ '17.0.21' ],
89 silly audit   '@types/serve-static': [ '1.13.10' ],
89 silly audit   '@types/connect': [ '3.4.35' ],
89 silly audit   '@types/express-serve-static-core': [ '4.17.29' ],
89 silly audit   '@types/qs': [ '6.9.7' ],
89 silly audit   '@types/range-parser': [ '1.2.4' ],
89 silly audit   '@types/mime': [ '1.3.2' ]
89 silly audit }
90 silly tarball no local data for @types/mime@https://registry.npmjs.org/@types/mime/-/mime-1.3.2.tgz. Extracting by manifest.
91 silly tarball no local data for @types/range-parser@https://registry.npmjs.org/@types/range-parser/-/range-parser-1.2.4.tgz. Extracting by manifest.
92 silly tarball no local data for @types/qs@https://registry.npmjs.org/@types/qs/-/qs-6.9.7.tgz. Extracting by manifest.
93 silly tarball no local data for @types/express-serve-static-core@https://registry.npmjs.org/@types/express-serve-static-core/-/express-serve-static-core-4.17.29.tgz. Extracting by manifest.
94 silly tarball no local data for @types/connect@https://registry.npmjs.org/@types/connect/-/connect-3.4.35.tgz. Extracting by manifest.
95 silly tarball no local data for @types/serve-static@https://registry.npmjs.org/@types/serve-static/-/serve-static-1.13.10.tgz. Extracting by manifest.
96 silly tarball no local data for @types/node@https://registry.npmjs.org/@types/node/-/node-17.0.21.tgz. Extracting by manifest.
97 silly tarball no local data for @types/merge-descriptors@https://registry.npmjs.org/@types/merge-descriptors/-/merge-descriptors-1.0.1.tgz. Extracting by manifest.
98 silly tarball no local data for @types/express@https://registry.npmjs.org/@types/express/-/express-4.17.13.tgz. Extracting by manifest.
99 silly tarball no local data for @types/body-parser@https://registry.npmjs.org/@types/body-parser/-/body-parser-1.19.2.tgz. Extracting by manifest.
100 http fetch GET 200 https://registry.npmjs.org/@types/qs/-/qs-6.9.7.tgz 78ms (cache miss)
101 timing reifyNode:node_modules/@types/qs Completed in 95ms
102 http fetch GET 200 https://registry.npmjs.org/@types/range-parser/-/range-parser-1.2.4.tgz 80ms (cache miss)
103 timing reifyNode:node_modules/@types/range-parser Completed in 96ms
104 http fetch GET 200 https://registry.npmjs.org/@types/serve-static/-/serve-static-1.13.10.tgz 77ms (cache miss)
105 timing reifyNode:node_modules/@types/serve-static Completed in 97ms
106 http fetch GET 200 https://registry.npmjs.org/@types/connect/-/connect-3.4.35.tgz 79ms (cache miss)
107 timing reifyNode:node_modules/@types/connect Completed in 98ms
108 http fetch GET 200 https://registry.npmjs.org/@types/body-parser/-/body-parser-1.19.2.tgz 75ms (cache miss)
109 timing reifyNode:node_modules/@types/body-parser Completed in 98ms
110 http fetch GET 200 https://registry.npmjs.org/@types/express-serve-static-core/-/express-serve-static-core-4.17.29.tgz 81ms (cache miss)
111 timing reifyNode:node_modules/@types/express-serve-static-core Completed in 100ms
112 http fetch POST 200 https://registry.npmjs.org/-/npm/v1/security/advisories/bulk 264ms
113 timing auditReport:getReport Completed in 266ms
114 silly audit report {}
115 timing auditReport:init Completed in 0ms
116 timing reify:audit Completed in 267ms
117 http fetch GET 200 https://registry.npmjs.org/@types/mime/-/mime-1.3.2.tgz 843ms (cache miss)
118 timing reifyNode:node_modules/@types/mime Completed in 858ms
119 http fetch GET 200 https://registry.npmjs.org/@types/express/-/express-4.17.13.tgz 947ms (cache miss)
120 timing reifyNode:node_modules/@types/express Completed in 969ms
121 http fetch GET 200 https://registry.npmjs.org/@types/merge-descriptors/-/merge-descriptors-1.0.1.tgz 949ms (cache miss)
122 timing reifyNode:node_modules/@types/merge-descriptors Completed in 971ms
123 http fetch GET 200 https://registry.npmjs.org/@types/node/-/node-17.0.21.tgz 983ms (cache miss)
124 timing reifyNode:node_modules/@types/node Completed in 1003ms
125 timing reify:unpack Completed in 1005ms
126 timing reify:unretire Completed in 0ms
127 timing build:queue Completed in 0ms
128 timing build:deps Completed in 1ms
129 timing build Completed in 1ms
130 timing reify:build Completed in 1ms
131 timing reify:trash Completed in 0ms
132 timing reify:save Completed in 11ms
133 timing reify Completed in 2949ms
134 silly ADD node_modules/@types/mime
135 silly ADD node_modules/@types/range-parser
136 silly ADD node_modules/@types/qs
137 silly ADD node_modules/@types/express-serve-static-core
138 silly ADD node_modules/@types/connect
139 silly ADD node_modules/@types/serve-static
140 silly ADD node_modules/@types/node
141 silly ADD node_modules/@types/merge-descriptors
142 silly ADD node_modules/@types/express
143 silly ADD node_modules/@types/body-parser
144 timing command:install Completed in 2954ms
145 verbose exit 0
146 timing npm Completed in 3044ms
147 info ok
