0 verbose cli /usr/local/nvm/versions/node/v16.1.0/bin/node /usr/local/nvm/versions/node/v16.1.0/bin/npm
1 info using npm@8.12.2
2 info using node@v16.1.0
3 timing npm:load:whichnode Completed in 1ms
4 timing config:load:defaults Completed in 1ms
5 timing config:load:file:/usr/local/nvm/versions/node/v16.1.0/lib/node_modules/npm/npmrc Completed in 0ms
6 timing config:load:builtin Completed in 1ms
7 timing config:load:cli Completed in 2ms
8 timing config:load:env Completed in 1ms
9 timing config:load:project Completed in 1ms
10 timing config:load:file:/home/mandykmaulana/.npmrc Completed in 0ms
11 timing config:load:user Completed in 0ms
12 timing config:load:file:/usr/local/nvm/versions/node/v16.1.0/etc/npmrc Completed in 1ms
13 timing config:load:global Completed in 1ms
14 timing config:load:validate Completed in 0ms
15 timing config:load:credentials Completed in 1ms
16 timing config:load:setEnvs Completed in 0ms
17 timing config:load Completed in 9ms
18 timing npm:load:configload Completed in 9ms
19 timing npm:load:mkdirpcache Completed in 1ms
20 timing npm:load:mkdirplogs Completed in 1ms
21 verbose title npm status
22 verbose argv "status"
23 timing npm:load:setTitle Completed in 1ms
24 timing config:load:flatten Completed in 3ms
25 timing npm:load:display Completed in 4ms
26 verbose logfile logs-max:10 dir:/home/mandykmaulana/.npm/_logs
27 verbose logfile /home/mandykmaulana/.npm/_logs/2022-06-25T10_11_21_933Z-debug-0.log
28 timing npm:load:logFile Completed in 6ms
29 timing npm:load:timers Completed in 1ms
30 timing npm:load:configScope Completed in 0ms
31 timing npm:load Completed in 24ms
32 silly logfile done cleaning log files
33 verbose exit 0
34 timing npm Completed in 47ms
35 verbose code 1
