0 verbose cli /usr/local/nvm/versions/node/v16.1.0/bin/node /usr/local/nvm/versions/node/v16.1.0/bin/npm
1 info using npm@8.12.1
2 info using node@v16.1.0
3 timing npm:load:whichnode Completed in 1ms
4 timing config:load:defaults Completed in 2ms
5 timing config:load:file:/usr/local/nvm/versions/node/v16.1.0/lib/node_modules/npm/npmrc Completed in 6ms
6 timing config:load:builtin Completed in 6ms
7 timing config:load:cli Completed in 3ms
8 timing config:load:env Completed in 1ms
9 timing config:load:file:/home/mandykmaulana/.cache/typescript/3.8/.npmrc Completed in 0ms
10 timing config:load:project Completed in 2ms
11 timing config:load:file:/home/mandykmaulana/.npmrc Completed in 0ms
12 timing config:load:user Completed in 0ms
13 timing config:load:file:/usr/local/nvm/versions/node/v16.1.0/etc/npmrc Completed in 0ms
14 timing config:load:global Completed in 0ms
15 timing config:load:validate Completed in 0ms
16 timing config:load:credentials Completed in 1ms
17 timing config:load:setEnvs Completed in 2ms
18 timing config:load Completed in 18ms
19 timing npm:load:configload Completed in 18ms
20 timing npm:load:mkdirpcache Completed in 1ms
21 timing npm:load:mkdirplogs Completed in 0ms
22 verbose title npm install types-registry@latest
23 verbose argv "install" "--ignore-scripts" "types-registry@latest"
24 timing npm:load:setTitle Completed in 2ms
25 timing config:load:flatten Completed in 3ms
26 timing npm:load:display Completed in 5ms
27 verbose logfile logs-max:10 dir:/home/mandykmaulana/.npm/_logs
28 verbose logfile /home/mandykmaulana/.npm/_logs/2022-06-20T00_14_22_119Z-debug-0.log
29 timing npm:load:logFile Completed in 7ms
30 timing npm:load:timers Completed in 0ms
31 timing npm:load:configScope Completed in 0ms
32 timing npm:load Completed in 35ms
33 timing arborist:ctor Completed in 0ms
34 silly logfile done cleaning log files
35 timing arborist:ctor Completed in 0ms
36 timing idealTree:init Completed in 17ms
37 http fetch GET 200 https://registry.npmjs.org/types-registry 133ms (cache miss)
38 timing idealTree:userRequests Completed in 151ms
39 silly idealTree buildDeps
40 silly fetch manifest types-registry@0.1.596
41 silly placeDep ROOT types-registry@0.1.596 OK for:  want: 0.1.596
42 timing idealTree:#root Completed in 8ms
43 timing idealTree:node_modules/types-registry Completed in 0ms
44 timing idealTree:buildDeps Completed in 10ms
45 timing idealTree:fixDepFlags Completed in 0ms
46 timing idealTree Completed in 181ms
47 timing reify:loadTrees Completed in 181ms
48 timing reify:diffTrees Completed in 1ms
49 silly reify moves {}
50 timing reify:retireShallow Completed in 2ms
51 timing reify:createSparse Completed in 5ms
52 timing reify:loadBundles Completed in 0ms
53 silly audit bulk request { 'types-registry': [ '0.1.596' ] }
54 silly tarball no local data for types-registry@https://registry.npmjs.org/types-registry/-/types-registry-0.1.596.tgz. Extracting by manifest.
55 http fetch GET 200 https://registry.npmjs.org/types-registry/-/types-registry-0.1.596.tgz 177ms (cache miss)
56 timing reifyNode:node_modules/types-registry Completed in 193ms
57 timing reify:unpack Completed in 193ms
58 timing reify:unretire Completed in 0ms
59 timing build:queue Completed in 5ms
60 timing build:deps Completed in 6ms
61 timing build Completed in 6ms
62 timing reify:build Completed in 7ms
63 timing reify:trash Completed in 0ms
64 timing reify:save Completed in 26ms
65 http fetch POST 200 https://registry.npmjs.org/-/npm/v1/security/advisories/bulk 264ms
66 timing auditReport:getReport Completed in 267ms
67 silly audit report {}
68 timing auditReport:init Completed in 0ms
69 timing reify:audit Completed in 268ms
70 timing reify Completed in 462ms
71 silly ADD node_modules/types-registry
72 timing command:install Completed in 477ms
73 verbose exit 0
74 timing npm Completed in 779ms
75 info ok
